{
  "stats": {
    "suites": 1,
    "tests": 1,
    "passes": 1,
    "pending": 0,
    "failures": 0,
    "start": "2025-01-28T21:41:44.840Z",
    "end": "2025-01-28T21:41:45.124Z",
    "duration": 284,
    "testsRegistered": 1,
    "passPercent": 100,
    "pendingPercent": 0,
    "other": 0,
    "hasOther": false,
    "skipped": 0,
    "hasSkipped": false
  },
  "results": [
    {
      "uuid": "52b9c961-75d9-48d3-8a49-576280c342ab",
      "title": "",
      "fullFile": "cypress/e2e/APIs.cy.js",
      "file": "cypress/APIs.cy.js",
      "beforeHooks": [],
      "afterHooks": [],
      "tests": [],
      "suites": [
        {
          "uuid": "cea54edb-702f-4c93-af62-c2d9b830dc93",
          "title": "API PUT Pessoa CPF",
          "fullFile": "",
          "file": "",
          "beforeHooks": [],
          "afterHooks": [],
          "tests": [
            {
              "title": "deve alterar uma informação da API Pessoa",
              "fullTitle": "API PUT Pessoa CPF deve alterar uma informação da API Pessoa",
              "timedOut": null,
              "duration": 242,
              "state": "passed",
              "speed": "fast",
              "pass": true,
              "fail": false,
              "pending": false,
              "context": null,
              "code": "cy.request({\n  url: 'https://sescnet-tst.sesc-rs.com.br/senac/rest/api/gvcollege/pessoa',\n  method: 'PUT',\n  body: {\n    \"id\": \"5416966\",\n    \"idExterno\": \"1234\",\n    \"CPF\": \"12345678927\",\n    \"CNPJ\": \"\",\n    \"Nome\": \"Pessoa teste 01\",\n    \"NomeSocialFantasia\": \"Teste\",\n    \"RG\": \"0102\",\n    \"OrgaoEmissorRG\": \"SSP\",\n    \"DataNascimento\": \"1990-07-10\",\n    \"NomeMae\": \"Teste Mae\",\n    \"Sexo\": \"M\",\n    \"Nacionalidade\": \"Brasil\",\n    \"Ativo\": true,\n    \"Tipo\": \"F\",\n    \"Banco\": \"1\",\n    \"Agencia\": \"1234\",\n    \"ContaCorrente\": \"123456\",\n    \"Endereco\": {\n      \"Nome\": \"FREI DAMIÃO\",\n      \"CEP\": \"09695100\",\n      \"Numero\": \"1234\",\n      \"Complemento\": \"AP 23\",\n      \"Bairro\": \"Centro\",\n      \"Cidade\": \"Fortaleza\",\n      \"UF\": \"CE\"\n    },\n    \"Telefone\": {\n      \"DDD\": \"85\",\n      \"Numero\": \"999999999\"\n    },\n    \"FormaPgto\": {\n      \"Cod\": 2,\n      \"Descricao\": \"teste\",\n      \"Tipo\": \"J\"\n    }\n  }\n}).then(response => {\n  expect(response.status).to.eq(200); // Verifica se a resposta tem status 200 OK\n});",
              "err": {},
              "uuid": "a8a656db-de7a-4590-845c-26db1f2cd48d",
              "parentUUID": "cea54edb-702f-4c93-af62-c2d9b830dc93",
              "isHook": false,
              "skipped": false
            }
          ],
          "suites": [],
          "passes": [
            "a8a656db-de7a-4590-845c-26db1f2cd48d"
          ],
          "failures": [],
          "pending": [],
          "skipped": [],
          "duration": 242,
          "root": false,
          "rootEmpty": false,
          "_timeout": 2000
        }
      ],
      "passes": [],
      "failures": [],
      "pending": [],
      "skipped": [],
      "duration": 0,
      "root": true,
      "rootEmpty": true,
      "_timeout": 2000
    }
  ],
  "meta": {
    "mocha": {
      "version": "7.0.1"
    },
    "mochawesome": {
      "options": {
        "quiet": false,
        "reportFilename": "mochawesome",
        "saveHtml": true,
        "saveJson": true,
        "consoleReporter": "spec",
        "useInlineDiffs": false,
        "code": true
      },
      "version": "7.1.3"
    },
    "marge": {
      "options": {
        "reportDir": "results",
        "overwrite": false,
        "html": true,
        "json": true
      },
      "version": "6.2.0"
    }
  }
}