{
  "stats": {
    "suites": 1,
    "tests": 1,
    "passes": 1,
    "pending": 0,
    "failures": 0,
    "start": "2025-01-28T21:41:39.622Z",
    "end": "2025-01-28T21:41:40.172Z",
    "duration": 550,
    "testsRegistered": 1,
    "passPercent": 100,
    "pendingPercent": 0,
    "other": 0,
    "hasOther": false,
    "skipped": 0,
    "hasSkipped": false
  },
  "results": [
    {
      "uuid": "edafe82f-b687-410c-8ebe-e1fab9e297b1",
      "title": "",
      "fullFile": "cypress/e2e/API Get.cy.js",
      "file": "cypress/API Get.cy.js",
      "beforeHooks": [],
      "afterHooks": [],
      "tests": [],
      "suites": [
        {
          "uuid": "cb8c2b9d-f3e6-4a5c-88af-1c40fd49066c",
          "title": "API GET Pessoa CPF",
          "fullFile": "",
          "file": "",
          "beforeHooks": [],
          "afterHooks": [],
          "tests": [
            {
              "title": "deve consultar uma informação da API Pessoa",
              "fullTitle": "API GET Pessoa CPF deve consultar uma informação da API Pessoa",
              "timedOut": null,
              "duration": 499,
              "state": "passed",
              "speed": "fast",
              "pass": true,
              "fail": false,
              "pending": false,
              "context": null,
              "code": "cy.request({\n  url: 'https://sescnet-tst.sesc-rs.com.br/senac/rest/api/gvcollege/pessoa?cpf=99529939000',\n  method: 'GET'\n}).then(response => {\n  expect(response.status).to.eq(200); // Verifica se a resposta tem status 200 OK\n});",
              "err": {},
              "uuid": "6e51a752-4efa-4f21-9062-a9e133c0fc3d",
              "parentUUID": "cb8c2b9d-f3e6-4a5c-88af-1c40fd49066c",
              "isHook": false,
              "skipped": false
            }
          ],
          "suites": [],
          "passes": [
            "6e51a752-4efa-4f21-9062-a9e133c0fc3d"
          ],
          "failures": [],
          "pending": [],
          "skipped": [],
          "duration": 499,
          "root": false,
          "rootEmpty": false,
          "_timeout": 2000
        }
      ],
      "passes": [],
      "failures": [],
      "pending": [],
      "skipped": [],
      "duration": 0,
      "root": true,
      "rootEmpty": true,
      "_timeout": 2000
    }
  ],
  "meta": {
    "mocha": {
      "version": "7.0.1"
    },
    "mochawesome": {
      "options": {
        "quiet": false,
        "reportFilename": "mochawesome",
        "saveHtml": true,
        "saveJson": true,
        "consoleReporter": "spec",
        "useInlineDiffs": false,
        "code": true
      },
      "version": "7.1.3"
    },
    "marge": {
      "options": {
        "reportDir": "results",
        "overwrite": false,
        "html": true,
        "json": true
      },
      "version": "6.2.0"
    }
  }
}